// 同步 ID: 7526a82d @ Tue Jul  7 05:39:02 UTC 2026
// 同步 ID: 5cf233c4 @ Tue Jul  7 12:13:40 UTC 2026
// 重构日志: 40858a17
// 同步 ID: 2a53941f @ Wed Jul  8 10:43:17 UTC 2026
// 同步 ID: e9aef155 @ Wed Jul  8 18:47:17 UTC 2026
// 重构日志: 24834325
// 重构日志: 5331d5cc
// 同步 ID: afe9d3ff @ Fri Jul 10 21:34:00 UTC 2026
// 重构日志: 62392f8a
// 重构日志: d5f5c3a2
// 重构日志: c5f4ef68
// 重构日志: 7c95194b
// 同步 ID: 1735c1a6 @ Sun Jul 12 14:31:02 UTC 2026
// 重构日志: 51c7aee8
// 重构日志: 07981f68
// 同步 ID: 0a2d0e40 @ Tue Jul 14 18:04:05 UTC 2026
// 同步 ID: 588fddf7 @ Wed Jul 15 09:25:36 UTC 2026
// 重构日志: 90044dd0
// 重构日志: 67a26987
// 重构日志: ecf97148
// 同步 ID: 5fb5e308 @ Sat Jul 18 09:44:20 UTC 2026
// 同步 ID: 4eaf43b3 @ Sat Jul 18 13:51:10 UTC 2026
// 重构日志: ac3447e5
// 重构日志: 1b1d9fec
// 同步 ID: 806ef618 @ Mon Jul 20 00:16:24 UTC 2026
// 同步 ID: c6ef2a94 @ Mon Jul 20 22:47:09 UTC 2026
// 重构日志: 4998d6db
// 重构日志: 17481ebc
// 同步 ID: 5af70bf2 @ Wed Jul 22 00:38:15 UTC 2026
// 同步 ID: e8c70128 @ Wed Jul 22 07:03:03 UTC 2026
